\BOOKMARK [1][-]{section.1}{\376\377\000S\000U\000M\000M\000A\000R\000Y}{}% 1
\BOOKMARK [1][-]{section.2}{\376\377\000E\000X\000P\000E\000R\000I\000E\000N\000C\000E}{}% 2
\BOOKMARK [2][-]{subsection.2.1}{\376\377\000K\000e\000y\000s\000t\000o\000n\000e\000\040\000S\000t\000r\000a\000t\000e\000g\000y\000,\000\040\000B\000o\000s\000t\000o\000n\000\040\000M\000A}{section.2}% 3
\BOOKMARK [3][-]{subsubsection.2.1.1}{\376\377\000E\000c\000o\000n\000o\000m\000i\000s\000t\000\040\000J\000u\000n\000e\000\040\0002\0000\0002\0002\000\040\000-\000\040\000P\000r\000e\000s\000e\000n\000t}{subsection.2.1}% 4
\BOOKMARK [1][-]{section.3}{\376\377\000E\000D\000U\000C\000A\000T\000I\000O\000N}{}% 5
\BOOKMARK [2][-]{subsection.3.1}{\376\377\000U\000n\000i\000v\000e\000r\000s\000i\000t\000y\000\040\000o\000f\000\040\000I\000l\000l\000i\000n\000o\000i\000s\000\040\000a\000t\000\040\000U\000r\000b\000a\000n\000a\000-\000C\000h\000a\000m\000p\000a\000i\000g\000n\000,\000\040\000C\000h\000a\000m\000p\000a\000i\000g\000n\000\040\000I\000L}{section.3}% 6
\BOOKMARK [3][-]{subsubsection.3.1.1}{\376\377\000P\000h\000D\000\040\000E\000c\000o\000n\000o\000m\000i\000c\000s\000\040\0002\0000\0002\0002}{subsection.3.1}% 7
\BOOKMARK [2][-]{subsection.3.2}{\376\377\000U\000n\000i\000v\000e\000r\000s\000i\000t\000y\000\040\000o\000f\000\040\000O\000x\000f\000o\000r\000d\000,\000\040\000O\000x\000f\000o\000r\000d\000,\000\040\000U\000n\000i\000t\000e\000d\000\040\000K\000i\000n\000g\000d\000o\000m}{section.3}% 8
\BOOKMARK [3][-]{subsubsection.3.2.1}{\376\377\000M\000P\000h\000i\000l\000\040\000E\000c\000o\000n\000o\000m\000i\000c\000s\000\040\0002\0000\0001\0002}{subsection.3.2}% 9
\BOOKMARK [2][-]{subsection.3.3}{\376\377\000U\000n\000i\000v\000e\000r\000s\000i\000t\000y\000\040\000o\000f\000\040\000W\000a\000r\000w\000i\000c\000k\000,\000\040\000U\000n\000i\000t\000e\000d\000\040\000K\000i\000n\000g\000d\000o\000m}{section.3}% 10
\BOOKMARK [3][-]{subsubsection.3.3.1}{\376\377\000B\000S\000c\000\040\000E\000c\000o\000n\000o\000m\000i\000c\000s\000\040\0002\0000\0001\0000}{subsection.3.3}% 11
\BOOKMARK [1][-]{section.4}{\376\377\000R\000E\000S\000E\000A\000R\000C\000H\000\040\000I\000N\000T\000E\000R\000E\000S\000T\000S}{}% 12
\BOOKMARK [1][-]{section.5}{\376\377\000S\000K\000I\000L\000L\000S}{}% 13
\BOOKMARK [1][-]{section.6}{\376\377\000P\000R\000E\000V\000I\000O\000U\000S\000\040\000E\000X\000P\000E\000R\000I\000E\000N\000C\000E}{}% 14
\BOOKMARK [2][-]{subsection.6.1}{\376\377\000U\000n\000i\000v\000e\000r\000s\000i\000t\000y\000\040\000o\000f\000\040\000I\000l\000l\000i\000n\000o\000i\000s\000\040\000a\000t\000\040\000U\000r\000b\000a\000n\000a\000-\000C\000h\000a\000m\000p\000a\000i\000g\000n\000,\000\040\000C\000h\000a\000m\000p\000a\000i\000g\000n\000\040\000I\000L}{section.6}% 15
\BOOKMARK [2][-]{subsection.6.2}{\376\377\000U\000n\000i\000v\000e\000r\000s\000i\000t\000y\000\040\000o\000f\000\040\000C\000y\000p\000r\000u\000s\000,\000\040\000N\000i\000c\000o\000s\000i\000a\000,\000\040\000C\000y\000p\000r\000u\000s}{section.6}% 16
\BOOKMARK [1][-]{section.7}{\376\377\000R\000E\000S\000E\000A\000R\000C\000H}{}% 17
\BOOKMARK [2][-]{subsection.7.1}{\376\377\000P\000u\000b\000l\000i\000c\000a\000t\000i\000o\000n\000s}{section.7}% 18
\BOOKMARK [2][-]{subsection.7.2}{\376\377\000W\000o\000r\000k\000i\000n\000g\000\040\000P\000a\000p\000e\000r\000s\000\040\000a\000n\000d\000\040\000W\000o\000r\000k\000\040\000i\000n\000\040\000p\000r\000o\000g\000r\000e\000s\000s}{section.7}% 19
\BOOKMARK [2][-]{subsection.7.3}{\376\377\000O\000t\000h\000e\000r}{section.7}% 20
\BOOKMARK [1][-]{section.8}{\376\377\000A\000W\000A\000R\000D\000S\000\040\000\046\000\040\000H\000O\000N\000O\000R\000S}{}% 21
\BOOKMARK [1][-]{section.9}{\376\377\000P\000R\000O\000F\000E\000S\000S\000I\000O\000N\000A\000L\000\040\000A\000C\000T\000I\000V\000I\000T\000I\000E\000S}{}% 22
\BOOKMARK [2][-]{subsection.9.1}{\376\377\000S\000e\000m\000i\000n\000a\000r\000s\000\040\000a\000n\000d\000\040\000P\000r\000e\000s\000e\000n\000t\000a\000t\000i\000o\000n\000s}{section.9}% 23
\BOOKMARK [1][-]{section.10}{\376\377\000R\000E\000F\000E\000R\000E\000N\000C\000E\000S}{}% 24
